{
    "/Users/podifi-adhiyatma/Documents/project/fast-serve/backend/src/index.ts": {
        "path": "/Users/podifi-adhiyatma/Documents/project/fast-serve/backend/src/index.ts",
        "statementMap": {
            "0": { "start": { "line": 1, "column": 0 }, "end": { "line": 1, "column": 23 } },
            "1": { "start": { "line": 2, "column": 0 }, "end": { "line": 2, "column": 30 } },
            "2": { "start": { "line": 3, "column": 0 }, "end": { "line": 3, "column": 24 } },
            "3": { "start": { "line": 4, "column": 0 }, "end": { "line": 4, "column": 32 } },
            "4": { "start": { "line": 5, "column": 0 }, "end": { "line": 5, "column": 41 } },
            "5": { "start": { "line": 6, "column": 0 }, "end": { "line": 6, "column": 42 } },
            "6": { "start": { "line": 7, "column": 0 }, "end": { "line": 7, "column": 52 } },
            "7": { "start": { "line": 8, "column": 0 }, "end": { "line": 8, "column": 70 } },
            "8": { "start": { "line": 10, "column": 0 }, "end": { "line": 12, "column": 3 } },
            "9": { "start": { "line": 13, "column": 13 }, "end": { "line": 13, "column": 29 } },
            "10": { "start": { "line": 14, "column": 23 }, "end": { "line": 14, "column": 43 } },
            "11": { "start": { "line": 15, "column": 18 }, "end": { "line": 15, "column": 47 } },
            "12": { "start": { "line": 17, "column": 12 }, "end": { "line": 17, "column": 21 } },
            "13": { "start": { "line": 18, "column": 0 }, "end": { "line": 18, "column": 24 } },
            "14": { "start": { "line": 19, "column": 0 }, "end": { "line": 19, "column": 24 } },
            "15": { "start": { "line": 20, "column": 0 }, "end": { "line": 20, "column": 48 } },
            "16": { "start": { "line": 21, "column": 0 }, "end": { "line": 25, "column": 2 } },
            "17": { "start": { "line": 27, "column": 0 }, "end": { "line": 27, "column": 40 } },
            "18": { "start": { "line": 29, "column": 0 }, "end": { "line": 29, "column": 22 } },
            "19": { "start": { "line": 31, "column": 0 }, "end": { "line": 33, "column": 3 } },
            "20": { "start": { "line": 32, "column": 4 }, "end": { "line": 32, "column": 51 } }
        },
        "fnMap": {
            "0": {
                "name": "(anonymous_1)",
                "decl": { "start": { "line": 31, "column": 17 }, "end": { "line": 31, "column": 20 } },
                "loc": { "start": { "line": 31, "column": 22 }, "end": { "line": 33, "column": 1 } }
            }
        },
        "branchMap": {},
        "s": {
            "0": 0,
            "1": 0,
            "2": 0,
            "3": 0,
            "4": 0,
            "5": 0,
            "6": 0,
            "7": 0,
            "8": 0,
            "9": 0,
            "10": 0,
            "11": 0,
            "12": 0,
            "13": 0,
            "14": 0,
            "15": 0,
            "16": 0,
            "17": 0,
            "18": 0,
            "19": 0,
            "20": 0
        },
        "f": { "0": 0 },
        "b": {}
    },
    "/Users/podifi-adhiyatma/Documents/project/fast-serve/backend/src/controllers/menu.ts": {
        "path": "/Users/podifi-adhiyatma/Documents/project/fast-serve/backend/src/controllers/menu.ts",
        "statementMap": {
            "0": { "start": { "line": 1, "column": 0 }, "end": { "line": 1, "column": 32 } },
            "1": { "start": { "line": 2, "column": 0 }, "end": { "line": 2, "column": 38 } },
            "2": { "start": { "line": 3, "column": 0 }, "end": { "line": 3, "column": 61 } },
            "3": { "start": { "line": 5, "column": 0 }, "end": { "line": 5, "column": 49 } },
            "4": { "start": { "line": 6, "column": 0 }, "end": { "line": 6, "column": 47 } },
            "5": { "start": { "line": 10, "column": 20 }, "end": { "line": 10, "column": 30 } },
            "6": { "start": { "line": 11, "column": 28 }, "end": { "line": 11, "column": 66 } },
            "7": { "start": { "line": 13, "column": 21 }, "end": { "line": 20, "column": 10 } },
            "8": { "start": { "line": 22, "column": 8 }, "end": { "line": 24, "column": 9 } },
            "9": { "start": { "line": 23, "column": 12 }, "end": { "line": 23, "column": 106 } },
            "10": { "start": { "line": 26, "column": 24 }, "end": { "line": 26, "column": 26 } },
            "11": { "start": { "line": 27, "column": 8 }, "end": { "line": 33, "column": 9 } },
            "12": { "start": { "line": 28, "column": 35 }, "end": { "line": 28, "column": 67 } },
            "13": { "start": { "line": 30, "column": 12 }, "end": { "line": 30, "column": 42 } },
            "14": { "start": { "line": 30, "column": 33 }, "end": { "line": 30, "column": 42 } },
            "15": { "start": { "line": 32, "column": 12 }, "end": { "line": 32, "column": 43 } },
            "16": { "start": { "line": 35, "column": 8 }, "end": { "line": 35, "column": 46 } },
            "17": { "start": { "line": 39, "column": 8 }, "end": { "line": 39, "column": 37 } },
            "18": { "start": { "line": 41, "column": 25 }, "end": { "line": 41, "column": 60 } },
            "19": { "start": { "line": 43, "column": 8 }, "end": { "line": 45, "column": 9 } },
            "20": { "start": { "line": 44, "column": 12 }, "end": { "line": 44, "column": 87 } },
            "21": { "start": { "line": 47, "column": 8 }, "end": { "line": 53, "column": 10 } },
            "22": { "start": { "line": 57, "column": 8 }, "end": { "line": 57, "column": 37 } },
            "23": { "start": { "line": 59, "column": 26 }, "end": { "line": 61, "column": 10 } },
            "24": { "start": { "line": 63, "column": 8 }, "end": { "line": 65, "column": 9 } },
            "25": { "start": { "line": 64, "column": 12 }, "end": { "line": 64, "column": 24 } },
            "26": { "start": { "line": 67, "column": 8 }, "end": { "line": 67, "column": 25 } },
            "27": { "start": { "line": 71, "column": 8 }, "end": { "line": 71, "column": 37 } },
            "28": { "start": { "line": 72, "column": 8 }, "end": { "line": 72, "column": 39 } },
            "29": { "start": { "line": 74, "column": 24 }, "end": { "line": 81, "column": null } },
            "30": { "start": { "line": 84, "column": 8 }, "end": { "line": 84, "column": 23 } },
            "31": { "start": { "line": 88, "column": 8 }, "end": { "line": 88, "column": 37 } },
            "32": { "start": { "line": 89, "column": 8 }, "end": { "line": 89, "column": 39 } },
            "33": { "start": { "line": 91, "column": 25 }, "end": { "line": 91, "column": 73 } },
            "34": { "start": { "line": 92, "column": 8 }, "end": { "line": 92, "column": 24 } },
            "35": { "start": { "line": 96, "column": 8 }, "end": { "line": 96, "column": 37 } },
            "36": { "start": { "line": 97, "column": 8 }, "end": { "line": 97, "column": 39 } },
            "37": { "start": { "line": 99, "column": 25 }, "end": { "line": 99, "column": 59 } },
            "38": { "start": { "line": 102, "column": 29 }, "end": { "line": 102, "column": 64 } },
            "39": { "start": { "line": 104, "column": 8 }, "end": { "line": 108, "column": 9 } },
            "40": { "start": { "line": 105, "column": 12 }, "end": { "line": 105, "column": 69 } },
            "41": { "start": { "line": 107, "column": 12 }, "end": { "line": 107, "column": 66 } },
            "42": { "start": { "line": 110, "column": 8 }, "end": { "line": 112, "column": 9 } },
            "43": { "start": { "line": 111, "column": 12 }, "end": { "line": 111, "column": 102 } },
            "44": { "start": { "line": 114, "column": 8 }, "end": { "line": 122, "column": 10 } },
            "45": { "start": { "line": 126, "column": 27 }, "end": { "line": 126, "column": 49 } },
            "46": { "start": { "line": 128, "column": 32 }, "end": { "line": 128, "column": 34 } },
            "47": { "start": { "line": 129, "column": 8 }, "end": { "line": 140, "column": 9 } },
            "48": { "start": { "line": 130, "column": 29 }, "end": { "line": 130, "column": 73 } },
            "49": { "start": { "line": 131, "column": 12 }, "end": { "line": 139, "column": 15 } },
            "50": { "start": { "line": 142, "column": 8 }, "end": { "line": 142, "column": 31 } },
            "51": { "start": { "line": 146, "column": 27 }, "end": { "line": 146, "column": 53 } },
            "52": { "start": { "line": 147, "column": 32 }, "end": { "line": 147, "column": 105 } },
            "53": { "start": { "line": 147, "column": 73 }, "end": { "line": 147, "column": 101 } },
            "54": { "start": { "line": 149, "column": 8 }, "end": { "line": 152, "column": 10 } },
            "55": { "start": { "line": 156, "column": 8 }, "end": { "line": 156, "column": 37 } },
            "56": { "start": { "line": 157, "column": 8 }, "end": { "line": 157, "column": 39 } },
            "57": { "start": { "line": 159, "column": 8 }, "end": { "line": 159, "column": 57 } },
            "58": { "start": { "line": 161, "column": 8 }, "end": { "line": 161, "column": 31 } },
            "59": { "start": { "line": 165, "column": 8 }, "end": { "line": 165, "column": 37 } },
            "60": { "start": { "line": 167, "column": 8 }, "end": { "line": 167, "column": 50 } },
            "61": { "start": { "line": 169, "column": 8 }, "end": { "line": 169, "column": 31 } },
            "62": { "start": { "line": 173, "column": 8 }, "end": { "line": 173, "column": 37 } },
            "63": { "start": { "line": 177, "column": 8 }, "end": { "line": 179, "column": 9 } },
            "64": { "start": { "line": 178, "column": 12 }, "end": { "line": 178, "column": 83 } },
            "65": { "start": { "line": 183, "column": 8 }, "end": { "line": 185, "column": 9 } },
            "66": { "start": { "line": 184, "column": 12 }, "end": { "line": 184, "column": 89 } },
            "67": { "start": { "line": 8, "column": 0 }, "end": { "line": 8, "column": 13 } }
        },
        "fnMap": {
            "0": {
                "name": "(anonymous_8)",
                "decl": { "start": { "line": 9, "column": 10 }, "end": { "line": 9, "column": 23 } },
                "loc": { "start": { "line": 9, "column": 23 }, "end": { "line": 36, "column": null } }
            },
            "1": {
                "name": "(anonymous_10)",
                "decl": { "start": { "line": 38, "column": 10 }, "end": { "line": 38, "column": 21 } },
                "loc": { "start": { "line": 38, "column": 40 }, "end": { "line": 54, "column": null } }
            },
            "2": {
                "name": "(anonymous_12)",
                "decl": { "start": { "line": 56, "column": 10 }, "end": { "line": 56, "column": 22 } },
                "loc": { "start": { "line": 56, "column": 41 }, "end": { "line": 68, "column": null } }
            },
            "3": {
                "name": "(anonymous_14)",
                "decl": { "start": { "line": 70, "column": 10 }, "end": { "line": 70, "column": 25 } },
                "loc": { "start": { "line": 70, "column": 62 }, "end": { "line": 85, "column": null } }
            },
            "4": {
                "name": "(anonymous_16)",
                "decl": { "start": { "line": 87, "column": 10 }, "end": { "line": 87, "column": 22 } },
                "loc": { "start": { "line": 87, "column": 59 }, "end": { "line": 93, "column": null } }
            },
            "5": {
                "name": "(anonymous_18)",
                "decl": { "start": { "line": 95, "column": 10 }, "end": { "line": 95, "column": 20 } },
                "loc": { "start": { "line": 95, "column": 57 }, "end": { "line": 123, "column": null } }
            },
            "6": {
                "name": "(anonymous_20)",
                "decl": { "start": { "line": 125, "column": 10 }, "end": { "line": 125, "column": 23 } },
                "loc": { "start": { "line": 125, "column": 23 }, "end": { "line": 143, "column": null } }
            },
            "7": {
                "name": "(anonymous_22)",
                "decl": { "start": { "line": 145, "column": 10 }, "end": { "line": 145, "column": 18 } },
                "loc": { "start": { "line": 145, "column": 18 }, "end": { "line": 153, "column": null } }
            },
            "8": {
                "name": "(anonymous_24)",
                "decl": { "start": { "line": 147, "column": 50 }, "end": { "line": 147, "column": 51 } },
                "loc": { "start": { "line": 147, "column": 73 }, "end": { "line": 147, "column": 101 } }
            },
            "9": {
                "name": "(anonymous_25)",
                "decl": { "start": { "line": 155, "column": 10 }, "end": { "line": 155, "column": 21 } },
                "loc": { "start": { "line": 155, "column": 58 }, "end": { "line": 162, "column": null } }
            },
            "10": {
                "name": "(anonymous_27)",
                "decl": { "start": { "line": 164, "column": 10 }, "end": { "line": 164, "column": 25 } },
                "loc": { "start": { "line": 164, "column": 44 }, "end": { "line": 170, "column": null } }
            },
            "11": {
                "name": "(anonymous_29)",
                "decl": { "start": { "line": 172, "column": 10 }, "end": { "line": 172, "column": 22 } },
                "loc": { "start": { "line": 172, "column": 22 }, "end": { "line": 174, "column": null } }
            },
            "12": {
                "name": "(anonymous_31)",
                "decl": { "start": { "line": 176, "column": 4 }, "end": { "line": 176, "column": 15 } },
                "loc": { "start": { "line": 176, "column": 26 }, "end": { "line": 180, "column": 5 } }
            },
            "13": {
                "name": "(anonymous_32)",
                "decl": { "start": { "line": 182, "column": 4 }, "end": { "line": 182, "column": 19 } },
                "loc": { "start": { "line": 182, "column": 30 }, "end": { "line": 186, "column": 5 } }
            }
        },
        "branchMap": {
            "0": {
                "loc": { "start": { "line": 22, "column": 8 }, "end": { "line": 24, "column": 9 } },
                "type": "if",
                "locations": [{ "start": { "line": 22, "column": 8 }, "end": { "line": 24, "column": 9 } }]
            },
            "1": {
                "loc": { "start": { "line": 30, "column": 12 }, "end": { "line": 30, "column": 42 } },
                "type": "if",
                "locations": [{ "start": { "line": 30, "column": 12 }, "end": { "line": 30, "column": 42 } }]
            },
            "2": {
                "loc": { "start": { "line": 43, "column": 8 }, "end": { "line": 45, "column": 9 } },
                "type": "if",
                "locations": [{ "start": { "line": 43, "column": 8 }, "end": { "line": 45, "column": 9 } }]
            },
            "3": {
                "loc": { "start": { "line": 63, "column": 8 }, "end": { "line": 65, "column": 9 } },
                "type": "if",
                "locations": [{ "start": { "line": 63, "column": 8 }, "end": { "line": 65, "column": 9 } }]
            },
            "4": {
                "loc": { "start": { "line": 104, "column": 8 }, "end": { "line": 108, "column": 9 } },
                "type": "if",
                "locations": [
                    { "start": { "line": 104, "column": 8 }, "end": { "line": 108, "column": 9 } },
                    { "start": { "line": 106, "column": 15 }, "end": { "line": 108, "column": 9 } }
                ]
            },
            "5": {
                "loc": { "start": { "line": 110, "column": 8 }, "end": { "line": 112, "column": 9 } },
                "type": "if",
                "locations": [{ "start": { "line": 110, "column": 8 }, "end": { "line": 112, "column": 9 } }]
            },
            "6": {
                "loc": { "start": { "line": 177, "column": 8 }, "end": { "line": 179, "column": 9 } },
                "type": "if",
                "locations": [{ "start": { "line": 177, "column": 8 }, "end": { "line": 179, "column": 9 } }]
            },
            "7": {
                "loc": { "start": { "line": 177, "column": 12 }, "end": { "line": 177, "column": 55 } },
                "type": "binary-expr",
                "locations": [
                    { "start": { "line": 177, "column": 12 }, "end": { "line": 177, "column": 15 } },
                    { "start": { "line": 177, "column": 19 }, "end": { "line": 177, "column": 55 } }
                ]
            },
            "8": {
                "loc": { "start": { "line": 183, "column": 8 }, "end": { "line": 185, "column": 9 } },
                "type": "if",
                "locations": [{ "start": { "line": 183, "column": 8 }, "end": { "line": 185, "column": 9 } }]
            },
            "9": {
                "loc": { "start": { "line": 183, "column": 12 }, "end": { "line": 183, "column": 50 } },
                "type": "binary-expr",
                "locations": [
                    { "start": { "line": 183, "column": 12 }, "end": { "line": 183, "column": 37 } },
                    { "start": { "line": 183, "column": 41 }, "end": { "line": 183, "column": 50 } }
                ]
            }
        },
        "s": {
            "0": 1,
            "1": 1,
            "2": 1,
            "3": 1,
            "4": 1,
            "5": 5,
            "6": 5,
            "7": 5,
            "8": 4,
            "9": 1,
            "10": 3,
            "11": 3,
            "12": 2,
            "13": 2,
            "14": 1,
            "15": 1,
            "16": 3,
            "17": 4,
            "18": 3,
            "19": 2,
            "20": 1,
            "21": 1,
            "22": 4,
            "23": 3,
            "24": 2,
            "25": 1,
            "26": 1,
            "27": 7,
            "28": 6,
            "29": 6,
            "30": 4,
            "31": 5,
            "32": 4,
            "33": 3,
            "34": 2,
            "35": 6,
            "36": 5,
            "37": 4,
            "38": 4,
            "39": 4,
            "40": 3,
            "41": 1,
            "42": 3,
            "43": 1,
            "44": 2,
            "45": 4,
            "46": 3,
            "47": 3,
            "48": 2,
            "49": 1,
            "50": 2,
            "51": 4,
            "52": 2,
            "53": 1,
            "54": 2,
            "55": 5,
            "56": 4,
            "57": 3,
            "58": 2,
            "59": 4,
            "60": 3,
            "61": 2,
            "62": 2,
            "63": 35,
            "64": 7,
            "65": 19,
            "66": 3,
            "67": 1
        },
        "f": {
            "0": 5,
            "1": 4,
            "2": 4,
            "3": 7,
            "4": 5,
            "5": 6,
            "6": 4,
            "7": 4,
            "8": 1,
            "9": 5,
            "10": 4,
            "11": 2,
            "12": 35,
            "13": 19
        },
        "b": {
            "0": [1],
            "1": [1],
            "2": [1],
            "3": [1],
            "4": [3, 1],
            "5": [1],
            "6": [7],
            "7": [35, 35],
            "8": [3],
            "9": [19, 19]
        }
    },
    "/Users/podifi-adhiyatma/Documents/project/fast-serve/backend/src/controllers/middleware/error-handler.ts": {
        "path": "/Users/podifi-adhiyatma/Documents/project/fast-serve/backend/src/controllers/middleware/error-handler.ts",
        "statementMap": {
            "0": { "start": { "line": 4, "column": 0 }, "end": { "line": 4, "column": 16 } },
            "1": { "start": { "line": 5, "column": 4 }, "end": { "line": 8, "column": 5 } },
            "2": { "start": { "line": 6, "column": 8 }, "end": { "line": 6, "column": 27 } },
            "3": { "start": { "line": 7, "column": 8 }, "end": { "line": 7, "column": 102 } },
            "4": { "start": { "line": 10, "column": 4 }, "end": { "line": 10, "column": 23 } },
            "5": { "start": { "line": 11, "column": 4 }, "end": { "line": 11, "column": 110 } }
        },
        "fnMap": {
            "0": {
                "name": "errorHandler",
                "decl": { "start": { "line": 4, "column": 16 }, "end": { "line": 4, "column": 28 } },
                "loc": { "start": { "line": 4, "column": 84 }, "end": { "line": 12, "column": 1 } }
            }
        },
        "branchMap": {
            "0": {
                "loc": { "start": { "line": 5, "column": 4 }, "end": { "line": 8, "column": 5 } },
                "type": "if",
                "locations": [{ "start": { "line": 5, "column": 4 }, "end": { "line": 8, "column": 5 } }]
            }
        },
        "s": { "0": 0, "1": 0, "2": 0, "3": 0, "4": 0, "5": 0 },
        "f": { "0": 0 },
        "b": { "0": [0] }
    },
    "/Users/podifi-adhiyatma/Documents/project/fast-serve/backend/src/models/menu-item.ts": {
        "path": "/Users/podifi-adhiyatma/Documents/project/fast-serve/backend/src/models/menu-item.ts",
        "statementMap": {
            "0": { "start": { "line": 1, "column": 0 }, "end": { "line": 1, "column": 32 } },
            "1": { "start": { "line": 4, "column": 23 }, "end": { "line": 9, "column": 2 } },
            "2": { "start": { "line": 11, "column": 13 }, "end": { "line": 11, "column": 83 } }
        },
        "fnMap": {},
        "branchMap": {},
        "s": { "0": 1, "1": 1, "2": 1 },
        "f": {},
        "b": {}
    },
    "/Users/podifi-adhiyatma/Documents/project/fast-serve/backend/src/models/menu.ts": {
        "path": "/Users/podifi-adhiyatma/Documents/project/fast-serve/backend/src/models/menu.ts",
        "statementMap": {
            "0": { "start": { "line": 1, "column": 0 }, "end": { "line": 1, "column": 32 } },
            "1": { "start": { "line": 3, "column": 0 }, "end": { "line": 3, "column": 72 } },
            "2": { "start": { "line": 5, "column": 19 }, "end": { "line": 10, "column": 2 } },
            "3": { "start": { "line": 12, "column": 13 }, "end": { "line": 12, "column": 67 } }
        },
        "fnMap": {},
        "branchMap": {},
        "s": { "0": 1, "1": 1, "2": 1, "3": 1 },
        "f": {},
        "b": {}
    },
    "/Users/podifi-adhiyatma/Documents/project/fast-serve/backend/src/models/order-item.ts": {
        "path": "/Users/podifi-adhiyatma/Documents/project/fast-serve/backend/src/models/order-item.ts",
        "statementMap": {
            "0": { "start": { "line": 1, "column": 0 }, "end": { "line": 1, "column": 32 } },
            "1": { "start": { "line": 4, "column": 24 }, "end": { "line": 7, "column": 2 } },
            "2": { "start": { "line": 9, "column": 13 }, "end": { "line": 9, "column": 87 } }
        },
        "fnMap": {},
        "branchMap": {},
        "s": { "0": 1, "1": 1, "2": 1 },
        "f": {},
        "b": {}
    },
    "/Users/podifi-adhiyatma/Documents/project/fast-serve/backend/src/routes/menu.ts": {
        "path": "/Users/podifi-adhiyatma/Documents/project/fast-serve/backend/src/routes/menu.ts",
        "statementMap": {
            "0": { "start": { "line": 1, "column": 0 }, "end": { "line": 1, "column": 66 } },
            "1": { "start": { "line": 10, "column": 8 }, "end": { "line": 10, "column": 31 } },
            "2": { "start": { "line": 11, "column": 8 }, "end": { "line": 11, "column": 45 } },
            "3": { "start": { "line": 12, "column": 8 }, "end": { "line": 12, "column": 66 } },
            "4": { "start": { "line": 13, "column": 8 }, "end": { "line": 13, "column": 67 } },
            "5": { "start": { "line": 14, "column": 8 }, "end": { "line": 14, "column": 64 } },
            "6": { "start": { "line": 15, "column": 8 }, "end": { "line": 15, "column": 61 } },
            "7": { "start": { "line": 16, "column": 8 }, "end": { "line": 16, "column": 78 } },
            "8": { "start": { "line": 17, "column": 8 }, "end": { "line": 17, "column": 83 } },
            "9": { "start": { "line": 18, "column": 8 }, "end": { "line": 18, "column": 74 } },
            "10": { "start": { "line": 22, "column": 8 }, "end": { "line": 22, "column": 27 } },
            "11": { "start": { "line": 26, "column": 8 }, "end": { "line": 31, "column": 9 } },
            "12": { "start": { "line": 27, "column": 31 }, "end": { "line": 27, "column": 72 } },
            "13": { "start": { "line": 28, "column": 12 }, "end": { "line": 28, "column": 52 } },
            "14": { "start": { "line": 30, "column": 12 }, "end": { "line": 30, "column": 29 } },
            "15": { "start": { "line": 35, "column": 8 }, "end": { "line": 40, "column": 9 } },
            "16": { "start": { "line": 36, "column": 29 }, "end": { "line": 36, "column": 81 } },
            "17": { "start": { "line": 37, "column": 12 }, "end": { "line": 37, "column": 50 } },
            "18": { "start": { "line": 39, "column": 12 }, "end": { "line": 39, "column": 29 } },
            "19": { "start": { "line": 44, "column": 8 }, "end": { "line": 50, "column": 9 } },
            "20": { "start": { "line": 45, "column": 45 }, "end": { "line": 45, "column": 53 } },
            "21": { "start": { "line": 46, "column": 29 }, "end": { "line": 46, "column": 87 } },
            "22": { "start": { "line": 47, "column": 12 }, "end": { "line": 47, "column": 50 } },
            "23": { "start": { "line": 49, "column": 12 }, "end": { "line": 49, "column": 29 } },
            "24": { "start": { "line": 54, "column": 8 }, "end": { "line": 59, "column": 9 } },
            "25": { "start": { "line": 55, "column": 26 }, "end": { "line": 55, "column": 62 } },
            "26": { "start": { "line": 56, "column": 12 }, "end": { "line": 56, "column": 47 } },
            "27": { "start": { "line": 58, "column": 12 }, "end": { "line": 58, "column": 29 } },
            "28": { "start": { "line": 63, "column": 8 }, "end": { "line": 70, "column": 9 } },
            "29": { "start": { "line": 64, "column": 35 }, "end": { "line": 64, "column": 45 } },
            "30": { "start": { "line": 65, "column": 33 }, "end": { "line": 65, "column": 41 } },
            "31": { "start": { "line": 66, "column": 34 }, "end": { "line": 66, "column": 93 } },
            "32": { "start": { "line": 67, "column": 12 }, "end": { "line": 67, "column": 55 } },
            "33": { "start": { "line": 69, "column": 12 }, "end": { "line": 69, "column": 29 } },
            "34": { "start": { "line": 74, "column": 8 }, "end": { "line": 80, "column": 9 } },
            "35": { "start": { "line": 75, "column": 35 }, "end": { "line": 75, "column": 45 } },
            "36": { "start": { "line": 76, "column": 34 }, "end": { "line": 76, "column": 87 } },
            "37": { "start": { "line": 77, "column": 12 }, "end": { "line": 77, "column": 55 } },
            "38": { "start": { "line": 79, "column": 12 }, "end": { "line": 79, "column": 29 } },
            "39": { "start": { "line": 84, "column": 8 }, "end": { "line": 89, "column": 9 } },
            "40": { "start": { "line": 85, "column": 12 }, "end": { "line": 85, "column": 53 } },
            "41": { "start": { "line": 86, "column": 12 }, "end": { "line": 86, "column": 81 } },
            "42": { "start": { "line": 88, "column": 12 }, "end": { "line": 88, "column": 29 } },
            "43": { "start": { "line": 4, "column": 0 }, "end": { "line": 4, "column": 13 } }
        },
        "fnMap": {
            "0": {
                "name": "(anonymous_7)",
                "decl": { "start": { "line": 9, "column": 4 }, "end": { "line": 9, "column": 23 } },
                "loc": { "start": { "line": 9, "column": 53 }, "end": { "line": 19, "column": 5 } }
            },
            "1": {
                "name": "(anonymous_8)",
                "decl": { "start": { "line": 21, "column": 4 }, "end": { "line": 21, "column": 13 } },
                "loc": { "start": { "line": 21, "column": 13 }, "end": { "line": 23, "column": 5 } }
            },
            "2": {
                "name": "(anonymous_9)",
                "decl": { "start": { "line": 25, "column": 10 }, "end": { "line": 25, "column": 23 } },
                "loc": { "start": { "line": 25, "column": 69 }, "end": { "line": 32, "column": null } }
            },
            "3": {
                "name": "(anonymous_11)",
                "decl": { "start": { "line": 34, "column": 10 }, "end": { "line": 34, "column": 21 } },
                "loc": { "start": { "line": 34, "column": 69 }, "end": { "line": 41, "column": null } }
            },
            "4": {
                "name": "(anonymous_13)",
                "decl": { "start": { "line": 43, "column": 10 }, "end": { "line": 43, "column": 20 } },
                "loc": { "start": { "line": 43, "column": 68 }, "end": { "line": 51, "column": null } }
            },
            "5": {
                "name": "(anonymous_15)",
                "decl": { "start": { "line": 53, "column": 10 }, "end": { "line": 53, "column": 18 } },
                "loc": { "start": { "line": 53, "column": 64 }, "end": { "line": 60, "column": null } }
            },
            "6": {
                "name": "(anonymous_17)",
                "decl": { "start": { "line": 62, "column": 10 }, "end": { "line": 62, "column": 21 } },
                "loc": { "start": { "line": 62, "column": 69 }, "end": { "line": 71, "column": null } }
            },
            "7": {
                "name": "(anonymous_19)",
                "decl": { "start": { "line": 73, "column": 10 }, "end": { "line": 73, "column": 25 } },
                "loc": { "start": { "line": 73, "column": 73 }, "end": { "line": 81, "column": null } }
            },
            "8": {
                "name": "(anonymous_21)",
                "decl": { "start": { "line": 83, "column": 10 }, "end": { "line": 83, "column": 22 } },
                "loc": { "start": { "line": 83, "column": 68 }, "end": { "line": 90, "column": null } }
            }
        },
        "branchMap": {},
        "s": {
            "0": 0,
            "1": 0,
            "2": 0,
            "3": 0,
            "4": 0,
            "5": 0,
            "6": 0,
            "7": 0,
            "8": 0,
            "9": 0,
            "10": 0,
            "11": 0,
            "12": 0,
            "13": 0,
            "14": 0,
            "15": 0,
            "16": 0,
            "17": 0,
            "18": 0,
            "19": 0,
            "20": 0,
            "21": 0,
            "22": 0,
            "23": 0,
            "24": 0,
            "25": 0,
            "26": 0,
            "27": 0,
            "28": 0,
            "29": 0,
            "30": 0,
            "31": 0,
            "32": 0,
            "33": 0,
            "34": 0,
            "35": 0,
            "36": 0,
            "37": 0,
            "38": 0,
            "39": 0,
            "40": 0,
            "41": 0,
            "42": 0,
            "43": 0
        },
        "f": { "0": 0, "1": 0, "2": 0, "3": 0, "4": 0, "5": 0, "6": 0, "7": 0, "8": 0 },
        "b": {}
    },
    "/Users/podifi-adhiyatma/Documents/project/fast-serve/backend/src/shared/error.ts": {
        "path": "/Users/podifi-adhiyatma/Documents/project/fast-serve/backend/src/shared/error.ts",
        "statementMap": {
            "0": { "start": { "line": 9, "column": 8 }, "end": { "line": 9, "column": 23 } },
            "1": { "start": { "line": 10, "column": 8 }, "end": { "line": 10, "column": 38 } },
            "2": { "start": { "line": 11, "column": 8 }, "end": { "line": 11, "column": 42 } },
            "3": { "start": { "line": 12, "column": 8 }, "end": { "line": 12, "column": 36 } },
            "4": { "start": { "line": 13, "column": 8 }, "end": { "line": 13, "column": 35 } },
            "5": { "start": { "line": 1, "column": 0 }, "end": { "line": 1, "column": 13 } },
            "6": { "start": { "line": 17, "column": 0 }, "end": { "line": 17, "column": null } },
            "7": { "start": { "line": 18, "column": 4 }, "end": { "line": 18, "column": null } },
            "8": { "start": { "line": 19, "column": 4 }, "end": { "line": 19, "column": null } }
        },
        "fnMap": {
            "0": {
                "name": "(anonymous_0)",
                "decl": { "start": { "line": 8, "column": 4 }, "end": { "line": 8, "column": 16 } },
                "loc": { "start": { "line": 8, "column": 114 }, "end": { "line": 14, "column": 5 } }
            },
            "1": {
                "name": "(anonymous_1)",
                "decl": { "start": { "line": 17, "column": 0 }, "end": { "line": 17, "column": 12 } },
                "loc": { "start": { "line": 17, "column": 23 }, "end": { "line": 20, "column": 1 } }
            }
        },
        "branchMap": {
            "0": {
                "loc": { "start": { "line": 17, "column": 12 }, "end": { "line": 17, "column": null } },
                "type": "binary-expr",
                "locations": [
                    { "start": { "line": 17, "column": 12 }, "end": { "line": 17, "column": 23 } },
                    { "start": { "line": 17, "column": 23 }, "end": { "line": 17, "column": null } }
                ]
            }
        },
        "s": { "0": 28, "1": 28, "2": 28, "3": 28, "4": 28, "5": 1, "6": 1, "7": 1, "8": 1 },
        "f": { "0": 28, "1": 1 },
        "b": { "0": [1, 1] }
    },
    "/Users/podifi-adhiyatma/Documents/project/fast-serve/backend/src/shared/types.ts": {
        "path": "/Users/podifi-adhiyatma/Documents/project/fast-serve/backend/src/shared/types.ts",
        "statementMap": {
            "0": { "start": { "line": 12, "column": 0 }, "end": { "line": 12, "column": null } },
            "1": { "start": { "line": 13, "column": 4 }, "end": { "line": 13, "column": null } },
            "2": { "start": { "line": 14, "column": 4 }, "end": { "line": 14, "column": null } },
            "3": { "start": { "line": 15, "column": 4 }, "end": { "line": 15, "column": null } }
        },
        "fnMap": {
            "0": {
                "name": "(anonymous_0)",
                "decl": { "start": { "line": 12, "column": 0 }, "end": { "line": 12, "column": 12 } },
                "loc": { "start": { "line": 12, "column": 21 }, "end": { "line": 16, "column": 1 } }
            }
        },
        "branchMap": {
            "0": {
                "loc": { "start": { "line": 12, "column": 12 }, "end": { "line": 12, "column": null } },
                "type": "binary-expr",
                "locations": [
                    { "start": { "line": 12, "column": 12 }, "end": { "line": 12, "column": 21 } },
                    { "start": { "line": 12, "column": 21 }, "end": { "line": 12, "column": null } }
                ]
            }
        },
        "s": { "0": 2, "1": 2, "2": 2, "3": 2 },
        "f": { "0": 2 },
        "b": { "0": [2, 2] }
    }
}
