TN:
SF:src/index.ts
FN:31,(anonymous_1)
FNF:1
FNH:0
FNDA:0,(anonymous_1)
DA:1,0
DA:2,0
DA:3,0
DA:4,0
DA:5,0
DA:6,0
DA:7,0
DA:8,0
DA:10,0
DA:13,0
DA:14,0
DA:15,0
DA:17,0
DA:18,0
DA:19,0
DA:20,0
DA:21,0
DA:27,0
DA:29,0
DA:31,0
DA:32,0
LF:21
LH:0
BRF:0
BRH:0
end_of_record
TN:
SF:src/controllers/menu.ts
FN:9,(anonymous_8)
FN:38,(anonymous_10)
FN:56,(anonymous_12)
FN:70,(anonymous_14)
FN:87,(anonymous_16)
FN:95,(anonymous_18)
FN:125,(anonymous_20)
FN:145,(anonymous_22)
FN:147,(anonymous_24)
FN:155,(anonymous_25)
FN:164,(anonymous_27)
FN:172,(anonymous_29)
FN:176,(anonymous_31)
FN:182,(anonymous_32)
FNF:14
FNH:14
FNDA:5,(anonymous_8)
FNDA:4,(anonymous_10)
FNDA:4,(anonymous_12)
FNDA:7,(anonymous_14)
FNDA:5,(anonymous_16)
FNDA:6,(anonymous_18)
FNDA:4,(anonymous_20)
FNDA:4,(anonymous_22)
FNDA:1,(anonymous_24)
FNDA:5,(anonymous_25)
FNDA:4,(anonymous_27)
FNDA:2,(anonymous_29)
FNDA:35,(anonymous_31)
FNDA:19,(anonymous_32)
DA:1,1
DA:2,1
DA:3,1
DA:5,1
DA:6,1
DA:8,1
DA:10,5
DA:11,5
DA:13,5
DA:22,4
DA:23,1
DA:26,3
DA:27,3
DA:28,2
DA:30,2
DA:32,1
DA:35,3
DA:39,4
DA:41,3
DA:43,2
DA:44,1
DA:47,1
DA:57,4
DA:59,3
DA:63,2
DA:64,1
DA:67,1
DA:71,7
DA:72,6
DA:74,6
DA:84,4
DA:88,5
DA:89,4
DA:91,3
DA:92,2
DA:96,6
DA:97,5
DA:99,4
DA:102,4
DA:104,4
DA:105,3
DA:107,1
DA:110,3
DA:111,1
DA:114,2
DA:126,4
DA:128,3
DA:129,3
DA:130,2
DA:131,1
DA:142,2
DA:146,4
DA:147,2
DA:149,2
DA:156,5
DA:157,4
DA:159,3
DA:161,2
DA:165,4
DA:167,3
DA:169,2
DA:173,2
DA:177,35
DA:178,7
DA:183,19
DA:184,3
LF:66
LH:66
BRDA:22,0,0,1
BRDA:30,1,0,1
BRDA:43,2,0,1
BRDA:63,3,0,1
BRDA:104,4,0,3
BRDA:104,4,1,1
BRDA:110,5,0,1
BRDA:177,6,0,7
BRDA:177,7,0,35
BRDA:177,7,1,35
BRDA:183,8,0,3
BRDA:183,9,0,19
BRDA:183,9,1,19
BRF:13
BRH:13
end_of_record
TN:
SF:src/controllers/middleware/error-handler.ts
FN:4,errorHandler
FNF:1
FNH:0
FNDA:0,errorHandler
DA:4,0
DA:5,0
DA:6,0
DA:7,0
DA:10,0
DA:11,0
LF:6
LH:0
BRDA:5,0,0,0
BRF:1
BRH:0
end_of_record
TN:
SF:src/models/menu-item.ts
FNF:0
FNH:0
DA:1,1
DA:4,1
DA:11,1
LF:3
LH:3
BRF:0
BRH:0
end_of_record
TN:
SF:src/models/menu.ts
FNF:0
FNH:0
DA:1,1
DA:3,1
DA:5,1
DA:12,1
LF:4
LH:4
BRF:0
BRH:0
end_of_record
TN:
SF:src/models/order-item.ts
FNF:0
FNH:0
DA:1,1
DA:4,1
DA:9,1
LF:3
LH:3
BRF:0
BRH:0
end_of_record
TN:
SF:src/routes/menu.ts
FN:9,(anonymous_7)
FN:21,(anonymous_8)
FN:25,(anonymous_9)
FN:34,(anonymous_11)
FN:43,(anonymous_13)
FN:53,(anonymous_15)
FN:62,(anonymous_17)
FN:73,(anonymous_19)
FN:83,(anonymous_21)
FNF:9
FNH:0
FNDA:0,(anonymous_7)
FNDA:0,(anonymous_8)
FNDA:0,(anonymous_9)
FNDA:0,(anonymous_11)
FNDA:0,(anonymous_13)
FNDA:0,(anonymous_15)
FNDA:0,(anonymous_17)
FNDA:0,(anonymous_19)
FNDA:0,(anonymous_21)
DA:1,0
DA:4,0
DA:10,0
DA:11,0
DA:12,0
DA:13,0
DA:14,0
DA:15,0
DA:16,0
DA:17,0
DA:18,0
DA:22,0
DA:26,0
DA:27,0
DA:28,0
DA:30,0
DA:35,0
DA:36,0
DA:37,0
DA:39,0
DA:44,0
DA:45,0
DA:46,0
DA:47,0
DA:49,0
DA:54,0
DA:55,0
DA:56,0
DA:58,0
DA:63,0
DA:64,0
DA:65,0
DA:66,0
DA:67,0
DA:69,0
DA:74,0
DA:75,0
DA:76,0
DA:77,0
DA:79,0
DA:84,0
DA:85,0
DA:86,0
DA:88,0
LF:44
LH:0
BRF:0
BRH:0
end_of_record
TN:
SF:src/shared/error.ts
FN:8,(anonymous_0)
FN:17,(anonymous_1)
FNF:2
FNH:2
FNDA:28,(anonymous_0)
FNDA:1,(anonymous_1)
DA:1,1
DA:9,28
DA:10,28
DA:11,28
DA:12,28
DA:13,28
DA:17,1
DA:18,1
DA:19,1
LF:9
LH:9
BRDA:17,0,0,1
BRDA:17,0,1,1
BRF:2
BRH:2
end_of_record
TN:
SF:src/shared/types.ts
FN:12,(anonymous_0)
FNF:1
FNH:1
FNDA:2,(anonymous_0)
DA:12,2
DA:13,2
DA:14,2
DA:15,2
LF:4
LH:4
BRDA:12,0,0,2
BRDA:12,0,1,2
BRF:2
BRH:2
end_of_record
